GROUP,PACKAGE,CLASS,INSTRUCTION_MISSED,INSTRUCTION_COVERED,BRANCH_MISSED,BRANCH_COVERED,LINE_MISSED,LINE_COVERED,COMPLEXITY_MISSED,COMPLEXITY_COVERED,METHOD_MISSED,METHOD_COVERED
technician-service,com.rapidfix.technician.security,JwtAuthFilter,0,60,0,6,0,12,0,6,0,3
technician-service,com.rapidfix.technician.security,JwtUtil,0,70,0,2,0,14,0,9,0,8
technician-service,com.rapidfix.technician,TechnicianServiceApplication,5,3,0,0,2,1,1,1,1,1
technician-service,com.rapidfix.technician.controller,TechnicianController,27,103,2,2,4,18,4,10,2,10
technician-service,com.rapidfix.technician.util,MessageService,0,33,0,0,0,11,0,3,0,3
technician-service,com.rapidfix.technician.service.impl,TechnicianServiceImpl,134,453,1,11,17,62,6,24,5,19
